<?xml version="1.0" encoding="UTF-8"?>
<!-- Generated by org.testng.reporters.JUnitReportReporter -->
<testsuite hostname="JITHU-PC" name="testCases.Framework_001" tests="1" failures="0" timestamp="21 May 2017 14:15:36 GMT" time="101.856" errors="0">
  <testcase name="main" time="101.856" classname="testCases.Framework_001"/>
</testsuite> <!-- testCases.Framework_001 -->
