<?xml version="1.0" encoding="UTF-8"?>
<!-- Generated by org.testng.reporters.JUnitReportReporter -->
<testsuite hostname="JITHU-PC" name="testCases.Framework_001" tests="1" failures="0" timestamp="25 May 2017 18:27:29 GMT" time="109.927" errors="0">
  <testcase name="main" time="109.927" classname="testCases.Framework_001"/>
</testsuite> <!-- testCases.Framework_001 -->
