<?xml version="1.0" encoding="UTF-8"?>
<!-- Generated by org.testng.reporters.JUnitReportReporter -->
<testsuite hostname="JITHU-PC" name="testCases.Framework_001" tests="1" failures="0" timestamp="21 May 2017 17:04:26 GMT" time="109.097" errors="0">
  <testcase name="main" time="109.097" classname="testCases.Framework_001"/>
</testsuite> <!-- testCases.Framework_001 -->
